<?xml version="1.0" encoding="UTF-8" ?>
<testsuite tests="7" failures="0" name="control.PuestoTest" time="0.571" errors="0" skipped="0">
  <properties>
    <property name="java.runtime.name" value="Java(TM) SE Runtime Environment"/>
    <property name="sun.boot.library.path" value="C:\Program Files (x86)\Java\jdk1.8.0_72\jre\bin"/>
    <property name="java.vm.version" value="25.72-b15"/>
    <property name="java.vm.vendor" value="Oracle Corporation"/>
    <property name="java.vendor.url" value="http://java.oracle.com/"/>
    <property name="path.separator" value=";"/>
    <property name="guice.disable.misplaced.annotation.check" value="true"/>
    <property name="java.vm.name" value="Java HotSpot(TM) Client VM"/>
    <property name="file.encoding.pkg" value="sun.io"/>
    <property name="user.script" value=""/>
    <property name="user.country" value="US"/>
    <property name="sun.java.launcher" value="SUN_STANDARD"/>
    <property name="sun.os.patch.level" value=""/>
    <property name="java.vm.specification.name" value="Java Virtual Machine Specification"/>
    <property name="user.dir" value="C:\Users\Andres\Documents\UNAM\Ciencias de la ComputaciÃ³n\6to semestre\Ingenieria de Software\ProyectoJunto\foodCiencias"/>
    <property name="java.runtime.version" value="1.8.0_72-b15"/>
    <property name="java.awt.graphicsenv" value="sun.awt.Win32GraphicsEnvironment"/>
    <property name="java.endorsed.dirs" value="C:\Program Files (x86)\Java\jdk1.8.0_72\jre\lib\endorsed"/>
    <property name="os.arch" value="x86"/>
    <property name="java.io.tmpdir" value="C:\Users\Andres\AppData\Local\Temp\"/>
    <property name="line.separator" value="
"/>
    <property name="java.vm.specification.vendor" value="Oracle Corporation"/>
    <property name="user.variant" value=""/>
    <property name="os.name" value="Windows 10"/>
    <property name="maven.ext.class.path" value="C:\Program Files (x86)\NetBeans 8.2\java\maven-nblib\netbeans-eventspy.jar"/>
    <property name="classworlds.conf" value="C:\Program Files (x86)\NetBeans 8.2\java\maven\bin\m2.conf"/>
    <property name="sun.jnu.encoding" value="Cp1252"/>
    <property name="java.library.path" value="C:\Program Files (x86)\Java\jdk1.8.0_72\bin;C:\WINDOWS\Sun\Java\bin;C:\WINDOWS\system32;C:\WINDOWS;C:\Program Files\Docker\Docker\Resources\bin;C:\Program Files\Microsoft MPI\Bin\;C:\Program Files\Haskell\bin;C:\Program Files\Haskell Platform\7.10.3\lib\extralibs\bin;C:\Program Files\Haskell Platform\7.10.3\bin;C:\ProgramData\Oracle\Java\javapath;C:\WINDOWS\system32;C:\WINDOWS;C:\WINDOWS\System32\Wbem;C:\WINDOWS\System32\WindowsPowerShell\v1.0\;C:\WINDOWS\system32\config\systemprofile\.dnx\bin;C:\Program Files\Microsoft DNX\Dnvm\;C:\Program Files (x86)\Java\jdk1.8.0_72\bin;C:\Program Files (x86)\gnuplot\bin;C:\apache-ant-1.9.6\bin;C:\Program Files (x86)\CodeBlocks\MinGW\bin;C:\Program Files\Haskell Platform\7.10.3\mingw\bin;C:\SQLite;C:\Program Files\Git\cmd;C:\juno-windows-x64\resources\app\julia\bin;C:\Program Files (x86)\Windows Kits\8.1\Windows Performance Toolkit\;C:\Program Files (x86)\Microsoft Visual Studio 14.0\VC\bin;C:\Program Files (x86)\Notepad++;C:\Program Files (x86)\VESTA-win64;C:\cygwin64\bin;C:\Users\Andres\Documents\Putty;C:\Program Files\OpenVPN\bin;C:\Program Files\Microsoft SQL Server\110\DTS\Binn\;C:\Program Files (x86)\Microsoft SQL Server\110\Tools\Binn\;C:\Program Files\Microsoft SQL Server\110\Tools\Binn\;C:\Program Files (x86)\Microsoft SQL Server\110\Tools\Binn\ManagementStudio\;C:\Program Files (x86)\Microsoft Visual Studio 10.0\Common7\IDE\PrivateAssemblies\;C:\Program Files (x86)\Microsoft SQL Server\110\DTS\Binn\;C:\Program Files\Wolfram Research\Mathematica\11.0;C:\apache-maven-3.3.9\bin;C:\Program Files\MySQL\MySQL Server 5.7\bin;C:\Users\Andres\Anaconda3;C:\Users\Andres\Anaconda3\Scripts;C:\Users\Andres\Anaconda3\Library\bin;C:\Users\Andres\AppData\Roaming\cabal\bin;C:\Users\Andres\AppData\Local\Programs\MiKTeX 2.9\miktex\bin\;C:\Program Files\MPICH2\bin;C:\Program Files\Quantum ESPRESSO 64-bit 5.3.0-mpich2\bin;C:\Users\Andres\AppData\Local\Microsoft\WindowsApps;C:\Users\Andres\AppData\Local\atom\bin;%USERPROFILE%\AppData\Local\Microsoft\WindowsApps;;."/>
    <property name="java.specification.name" value="Java Platform API Specification"/>
    <property name="java.class.version" value="52.0"/>
    <property name="sun.management.compiler" value="HotSpot Client Compiler"/>
    <property name="os.version" value="10.0"/>
    <property name="user.home" value="C:\Users\Andres"/>
    <property name="user.timezone" value="America/Mexico_City"/>
    <property name="java.awt.printerjob" value="sun.awt.windows.WPrinterJob"/>
    <property name="java.specification.version" value="1.8"/>
    <property name="file.encoding" value="UTF-8"/>
    <property name="user.name" value="Andres"/>
    <property name="java.class.path" value="C:\Program Files (x86)\NetBeans 8.2\java\maven\boot\plexus-classworlds-2.4.jar"/>
    <property name="java.vm.specification.version" value="1.8"/>
    <property name="sun.arch.data.model" value="32"/>
    <property name="java.home" value="C:\Program Files (x86)\Java\jdk1.8.0_72\jre"/>
    <property name="sun.java.command" value="org.codehaus.plexus.classworlds.launcher.Launcher -Dmaven.ext.class.path=C:\Program Files (x86)\NetBeans 8.2\java\maven-nblib\netbeans-eventspy.jar -Dfile.encoding=UTF-8 clean install"/>
    <property name="java.specification.vendor" value="Oracle Corporation"/>
    <property name="user.language" value="en"/>
    <property name="awt.toolkit" value="sun.awt.windows.WToolkit"/>
    <property name="java.vm.info" value="mixed mode"/>
    <property name="java.version" value="1.8.0_72"/>
    <property name="java.ext.dirs" value="C:\Program Files (x86)\Java\jdk1.8.0_72\jre\lib\ext;C:\WINDOWS\Sun\Java\lib\ext"/>
    <property name="sun.boot.class.path" value="C:\Program Files (x86)\Java\jdk1.8.0_72\jre\lib\resources.jar;C:\Program Files (x86)\Java\jdk1.8.0_72\jre\lib\rt.jar;C:\Program Files (x86)\Java\jdk1.8.0_72\jre\lib\sunrsasign.jar;C:\Program Files (x86)\Java\jdk1.8.0_72\jre\lib\jsse.jar;C:\Program Files (x86)\Java\jdk1.8.0_72\jre\lib\jce.jar;C:\Program Files (x86)\Java\jdk1.8.0_72\jre\lib\charsets.jar;C:\Program Files (x86)\Java\jdk1.8.0_72\jre\lib\jfr.jar;C:\Program Files (x86)\Java\jdk1.8.0_72\jre\classes"/>
    <property name="java.vendor" value="Oracle Corporation"/>
    <property name="maven.home" value="C:\Program Files (x86)\NetBeans 8.2\java\maven"/>
    <property name="file.separator" value="\"/>
    <property name="java.vendor.url.bug" value="http://bugreport.sun.com/bugreport/"/>
    <property name="sun.cpu.endian" value="little"/>
    <property name="sun.io.unicode.encoding" value="UnicodeLittle"/>
    <property name="sun.desktop" value="windows"/>
    <property name="sun.cpu.isalist" value="pentium_pro+mmx pentium_pro pentium+mmx pentium i486 i386 i86"/>
  </properties>
  <testcase classname="control.PuestoTest" name="testGetId" time="0.309"/>
  <testcase classname="control.PuestoTest" name="testGetNombrePuesto" time="0.043"/>
  <testcase classname="control.PuestoTest" name="testGetDuenioPuesto" time="0.036"/>
  <testcase classname="control.PuestoTest" name="testGetTipoComida" time="0.036"/>
  <testcase classname="control.PuestoTest" name="testObtenerPuestos" time="0.044"/>
  <testcase classname="control.PuestoTest" name="testGetHoraCierre" time="0.04"/>
  <testcase classname="control.PuestoTest" name="testGetHoraApertura" time="0.038"/>
</testsuite>